<?xml version="1.0" encoding="UTF-8"?>
<testng-results skipped="0" failed="0" total="1" passed="1">
  <reporter-output>
  </reporter-output>
  <suite name="Suite" duration-ms="22" started-at="2019-01-11T08:28:40Z" finished-at="2019-01-11T08:28:40Z">
    <groups>
    </groups>
    <test name="Test" duration-ms="22" started-at="2019-01-11T08:28:40Z" finished-at="2019-01-11T08:28:40Z">
      <class name="logintest.Login">
        <test-method status="PASS" signature="test()[pri:0, instance:logintest.Login@2acf57e3]" name="test" duration-ms="11" started-at="2019-01-11T13:58:40Z" finished-at="2019-01-11T13:58:40Z">
          <reporter-output>
          </reporter-output>
        </test-method> <!-- test -->
      </class> <!-- logintest.Login -->
    </test> <!-- Test -->
  </suite> <!-- Suite -->
</testng-results>
