<?xml version="1.0" encoding="UTF-8"?>
<testng-results skipped="0" failed="0" total="1" passed="1">
  <reporter-output>
  </reporter-output>
  <suite name="Suite" duration-ms="9195" started-at="2018-02-08T07:16:59Z" finished-at="2018-02-08T07:17:08Z">
    <groups>
    </groups>
    <test name="Test" duration-ms="9195" started-at="2018-02-08T07:16:59Z" finished-at="2018-02-08T07:17:08Z">
      <class name="logintest.Login">
        <test-method status="PASS" signature="test()[pri:0, instance:logintest.Login@4ec6a292]" name="test" duration-ms="9165" started-at="2018-02-08T12:46:59Z" finished-at="2018-02-08T12:47:08Z">
          <reporter-output>
          </reporter-output>
        </test-method> <!-- test -->
      </class> <!-- logintest.Login -->
    </test> <!-- Test -->
  </suite> <!-- Suite -->
</testng-results>
